<?xml version="1.0" encoding="UTF-8"?>
<!-- Generated by org.testng.reporters.JUnitReportReporter -->
<testsuite hostname="DESKTOP-6PSE8GO" failures="0" tests="2" name="TestNGCode.March15_DependentMethod" time="12.271" errors="0" timestamp="2022-03-22T00:28:42 IST" skipped="0">
  <testcase classname="TestNGCode.March15_DependentMethod" name="display" time="0.054"/>
  <system-out/>
  <testcase classname="TestNGCode.March15_DependentMethod" name="init" time="12.217"/>
  <system-out/>
</testsuite> <!-- TestNGCode.March15_DependentMethod -->
