<?xml version="1.0" encoding="UTF-8"?>
<!-- Generated by org.testng.reporters.JUnitReportReporter -->
<testsuite hostname="DESKTOP-6PSE8GO" failures="0" tests="2" name="TestNGCode.March15_Google_Search" time="7.906" errors="0" timestamp="2022-03-24T19:58:03 IST" skipped="0">
  <testcase classname="TestNGCode.March15_Google_Search" name="init" time="7.847"/>
  <system-out/>
  <testcase classname="TestNGCode.March15_Google_Search" name="display" time="0.059"/>
  <system-out/>
</testsuite> <!-- TestNGCode.March15_Google_Search -->
