<?xml version="1.0" encoding="UTF-8"?>
<!-- Generated by org.testng.reporters.JUnitReportReporter -->
<testsuite hostname="DESKTOP-6PSE8GO" failures="0" tests="4" name="TestNGCode.March14_First_TestNG" time="0.020" errors="0" timestamp="2022-03-22T01:25:14 IST" skipped="1">
  <testcase classname="TestNGCode.March14_First_TestNG" name="gone" time="0.008"/>
  <system-out/>
  <testcase classname="TestNGCode.March14_First_TestNG" name="hii" time="0.001"/>
  <system-out/>
  <testcase classname="TestNGCode.March14_First_TestNG" name="by" time="0.011"/>
  <system-out/>
  <testcase classname="TestNGCode.March14_First_TestNG" name="hello">
    <skipped/>
  </testcase> <!-- hello -->
  <system-out/>
</testsuite> <!-- TestNGCode.March14_First_TestNG -->
