<?xml version="1.0" encoding="UTF-8"?>
<!-- Generated by org.testng.reporters.JUnitReportReporter -->
<testsuite hostname="DESKTOP-6PSE8GO" failures="0" tests="1" name="TestNGCode.InheritedClass" time="0.013" errors="0" timestamp="2022-03-22T03:19:08 IST" skipped="0">
  <testcase classname="TestNGCode.InheritedClass" name="f" time="0.013"/>
  <system-out/>
</testsuite> <!-- TestNGCode.InheritedClass -->
