<?xml version="1.0" encoding="UTF-8"?>
<!-- Generated by org.testng.reporters.JUnitReportReporter -->
<testsuite hostname="DESKTOP-6PSE8GO" failures="0" tests="4" name="TestNGCode.Firsttestng" time="0.057" errors="0" timestamp="2022-03-21T10:45:47 IST" skipped="0">
  <testcase classname="TestNGCode.Firsttestng" name="BYE" time="0.009"/>
  <system-out/>
  <testcase classname="TestNGCode.Firsttestng" name="HELLO" time="0.002"/>
  <system-out/>
  <testcase classname="TestNGCode.Firsttestng" name="F" time="0.043"/>
  <system-out/>
  <testcase classname="TestNGCode.Firsttestng" name="GONE" time="0.003"/>
  <system-out/>
</testsuite> <!-- TestNGCode.Firsttestng -->
