<?xml version="1.0" encoding="UTF-8"?>
<!-- Generated by org.testng.reporters.JUnitReportReporter -->
<testsuite hostname="DESKTOP-6PSE8GO" failures="0" tests="2" name="TestNGCode.March16_Dependencies" time="0.003" errors="0" timestamp="2022-03-22T01:25:14 IST" skipped="0">
  <testcase classname="TestNGCode.March16_Dependencies" name="sqrArea" time="0.002"/>
  <system-out/>
  <testcase classname="TestNGCode.March16_Dependencies" name="RectArea" time="0.001"/>
  <system-out/>
</testsuite> <!-- TestNGCode.March16_Dependencies -->
