<?xml version="1.0" encoding="UTF-8"?>
<!-- Generated by org.testng.reporters.JUnitReportReporter -->
<testsuite hostname="DESKTOP-6PSE8GO" failures="0" tests="4" name="TestNGCode.FirstProg" time="0.029" errors="0" timestamp="2022-03-21T11:12:40 IST" skipped="1">
  <testcase classname="TestNGCode.FirstProg" name="BYE" time="0.024"/>
  <system-out/>
  <testcase classname="TestNGCode.FirstProg" name="HELLO" time="0.001"/>
  <system-out/>
  <testcase classname="TestNGCode.FirstProg" name="F" time="0.004"/>
  <system-out/>
  <testcase classname="TestNGCode.FirstProg" name="GONE">
    <skipped/>
  </testcase> <!-- GONE -->
  <system-out/>
</testsuite> <!-- TestNGCode.FirstProg -->
